Analysis & Synthesis report for taximeter
Fri Dec 15 16:11:58 2023
Quartus Prime Version 18.1.0 Build 625 09/12/2018 SJ Lite Edition


---------------------
; Table of Contents ;
---------------------
  1. Legal Notice
  2. Analysis & Synthesis Summary
  3. Analysis & Synthesis Settings
  4. Parallel Compilation
  5. Analysis & Synthesis Source Files Read
  6. Analysis & Synthesis Resource Usage Summary
  7. Analysis & Synthesis Resource Utilization by Entity
  8. Registers Removed During Synthesis
  9. General Register Statistics
 10. Multiplexer Restructuring Statistics (Restructuring Performed)
 11. Parameter Settings for User Entity Instance: taximeter1:i1
 12. Parameter Settings for User Entity Instance: taximeter2:i2
 13. Parameter Settings for Inferred Entity Instance: taximeter1:i1|lpm_divide:Div0
 14. Parameter Settings for Inferred Entity Instance: taximeter4:i4|taximeter4_0:i4_0|lpm_divide:Mod0
 15. Parameter Settings for Inferred Entity Instance: taximeter4:i4|taximeter4_0:i4_0|lpm_divide:Div0
 16. Parameter Settings for Inferred Entity Instance: taximeter4:i4|taximeter4_1:i4_1|lpm_divide:Mod0
 17. Parameter Settings for Inferred Entity Instance: taximeter4:i4|taximeter4_1:i4_1|lpm_divide:Div0
 18. Parameter Settings for Inferred Entity Instance: taximeter4:i4|taximeter4_2:i4_2|lpm_divide:Mod0
 19. Parameter Settings for Inferred Entity Instance: taximeter4:i4|taximeter4_2:i4_2|lpm_divide:Mod1
 20. Parameter Settings for Inferred Entity Instance: taximeter4:i4|taximeter4_2:i4_2|lpm_divide:Div0
 21. Parameter Settings for Inferred Entity Instance: taximeter4:i4|taximeter4_2:i4_2|lpm_divide:Div1
 22. Port Connectivity Checks: "taximeter4:i4|taximeter4_2:i4_2|taximeter5:i4_2_2"
 23. Port Connectivity Checks: "taximeter4:i4|taximeter4_2:i4_2|taximeter5:i4_2_1"
 24. Port Connectivity Checks: "taximeter4:i4|taximeter4_0:i4_0|taximeter5:i4_0_4"
 25. Port Connectivity Checks: "taximeter4:i4|taximeter4_0:i4_0|taximeter5:i4_0_3"
 26. Post-Synthesis Netlist Statistics for Top Partition
 27. Elapsed Time Per Partition
 28. Analysis & Synthesis Messages
 29. Analysis & Synthesis Suppressed Messages



----------------
; Legal Notice ;
----------------
Copyright (C) 2018  Intel Corporation. All rights reserved.
Your use of Intel Corporation's design tools, logic functions 
and other software and tools, and its AMPP partner logic 
functions, and any output files from any of the foregoing 
(including device programming or simulation files), and any 
associated documentation or information are expressly subject 
to the terms and conditions of the Intel Program License 
Subscription Agreement, the Intel Quartus Prime License Agreement,
the Intel FPGA IP License Agreement, or other applicable license
agreement, including, without limitation, that your use is for
the sole purpose of programming logic devices manufactured by
Intel and sold by Intel or its authorized distributors.  Please
refer to the applicable agreement for further details.



+----------------------------------------------------------------------------------+
; Analysis & Synthesis Summary                                                     ;
+------------------------------------+---------------------------------------------+
; Analysis & Synthesis Status        ; Successful - Fri Dec 15 16:11:58 2023       ;
; Quartus Prime Version              ; 18.1.0 Build 625 09/12/2018 SJ Lite Edition ;
; Revision Name                      ; taximeter                                   ;
; Top-level Entity Name              ; taximeter                                   ;
; Family                             ; Cyclone IV E                                ;
; Total logic elements               ; 1,014                                       ;
;     Total combinational functions  ; 1,012                                       ;
;     Dedicated logic registers      ; 75                                          ;
; Total registers                    ; 75                                          ;
; Total pins                         ; 75                                          ;
; Total virtual pins                 ; 0                                           ;
; Total memory bits                  ; 0                                           ;
; Embedded Multiplier 9-bit elements ; 0                                           ;
; Total PLLs                         ; 0                                           ;
+------------------------------------+---------------------------------------------+


+------------------------------------------------------------------------------------------------------------+
; Analysis & Synthesis Settings                                                                              ;
+------------------------------------------------------------------+--------------------+--------------------+
; Option                                                           ; Setting            ; Default Value      ;
+------------------------------------------------------------------+--------------------+--------------------+
; Device                                                           ; EP4CE6E22C8        ;                    ;
; Top-level entity name                                            ; taximeter          ; taximeter          ;
; Family name                                                      ; Cyclone IV E       ; Cyclone V          ;
; Use smart compilation                                            ; Off                ; Off                ;
; Enable parallel Assembler and Timing Analyzer during compilation ; On                 ; On                 ;
; Enable compact report table                                      ; Off                ; Off                ;
; Restructure Multiplexers                                         ; Auto               ; Auto               ;
; Create Debugging Nodes for IP Cores                              ; Off                ; Off                ;
; Preserve fewer node names                                        ; On                 ; On                 ;
; Intel FPGA IP Evaluation Mode                                    ; Enable             ; Enable             ;
; Verilog Version                                                  ; Verilog_2001       ; Verilog_2001       ;
; VHDL Version                                                     ; VHDL_1993          ; VHDL_1993          ;
; State Machine Processing                                         ; Auto               ; Auto               ;
; Safe State Machine                                               ; Off                ; Off                ;
; Extract Verilog State Machines                                   ; On                 ; On                 ;
; Extract VHDL State Machines                                      ; On                 ; On                 ;
; Ignore Verilog initial constructs                                ; Off                ; Off                ;
; Iteration limit for constant Verilog loops                       ; 5000               ; 5000               ;
; Iteration limit for non-constant Verilog loops                   ; 250                ; 250                ;
; Add Pass-Through Logic to Inferred RAMs                          ; On                 ; On                 ;
; Infer RAMs from Raw Logic                                        ; On                 ; On                 ;
; Parallel Synthesis                                               ; On                 ; On                 ;
; DSP Block Balancing                                              ; Auto               ; Auto               ;
; NOT Gate Push-Back                                               ; On                 ; On                 ;
; Power-Up Don't Care                                              ; On                 ; On                 ;
; Remove Redundant Logic Cells                                     ; Off                ; Off                ;
; Remove Duplicate Registers                                       ; On                 ; On                 ;
; Ignore CARRY Buffers                                             ; Off                ; Off                ;
; Ignore CASCADE Buffers                                           ; Off                ; Off                ;
; Ignore GLOBAL Buffers                                            ; Off                ; Off                ;
; Ignore ROW GLOBAL Buffers                                        ; Off                ; Off                ;
; Ignore LCELL Buffers                                             ; Off                ; Off                ;
; Ignore SOFT Buffers                                              ; On                 ; On                 ;
; Limit AHDL Integers to 32 Bits                                   ; Off                ; Off                ;
; Optimization Technique                                           ; Balanced           ; Balanced           ;
; Carry Chain Length                                               ; 70                 ; 70                 ;
; Auto Carry Chains                                                ; On                 ; On                 ;
; Auto Open-Drain Pins                                             ; On                 ; On                 ;
; Perform WYSIWYG Primitive Resynthesis                            ; Off                ; Off                ;
; Auto ROM Replacement                                             ; On                 ; On                 ;
; Auto RAM Replacement                                             ; On                 ; On                 ;
; Auto DSP Block Replacement                                       ; On                 ; On                 ;
; Auto Shift Register Replacement                                  ; Auto               ; Auto               ;
; Allow Shift Register Merging across Hierarchies                  ; Auto               ; Auto               ;
; Auto Clock Enable Replacement                                    ; On                 ; On                 ;
; Strict RAM Replacement                                           ; Off                ; Off                ;
; Allow Synchronous Control Signals                                ; On                 ; On                 ;
; Force Use of Synchronous Clear Signals                           ; Off                ; Off                ;
; Auto RAM Block Balancing                                         ; On                 ; On                 ;
; Auto RAM to Logic Cell Conversion                                ; Off                ; Off                ;
; Auto Resource Sharing                                            ; Off                ; Off                ;
; Allow Any RAM Size For Recognition                               ; Off                ; Off                ;
; Allow Any ROM Size For Recognition                               ; Off                ; Off                ;
; Allow Any Shift Register Size For Recognition                    ; Off                ; Off                ;
; Use LogicLock Constraints during Resource Balancing              ; On                 ; On                 ;
; Ignore translate_off and synthesis_off directives                ; Off                ; Off                ;
; Timing-Driven Synthesis                                          ; On                 ; On                 ;
; Report Parameter Settings                                        ; On                 ; On                 ;
; Report Source Assignments                                        ; On                 ; On                 ;
; Report Connectivity Checks                                       ; On                 ; On                 ;
; Ignore Maximum Fan-Out Assignments                               ; Off                ; Off                ;
; Synchronization Register Chain Length                            ; 2                  ; 2                  ;
; Power Optimization During Synthesis                              ; Normal compilation ; Normal compilation ;
; HDL message level                                                ; Level2             ; Level2             ;
; Suppress Register Optimization Related Messages                  ; Off                ; Off                ;
; Number of Removed Registers Reported in Synthesis Report         ; 5000               ; 5000               ;
; Number of Swept Nodes Reported in Synthesis Report               ; 5000               ; 5000               ;
; Number of Inverted Registers Reported in Synthesis Report        ; 100                ; 100                ;
; Clock MUX Protection                                             ; On                 ; On                 ;
; Auto Gated Clock Conversion                                      ; Off                ; Off                ;
; Block Design Naming                                              ; Auto               ; Auto               ;
; SDC constraint protection                                        ; Off                ; Off                ;
; Synthesis Effort                                                 ; Auto               ; Auto               ;
; Shift Register Replacement - Allow Asynchronous Clear Signal     ; On                 ; On                 ;
; Pre-Mapping Resynthesis Optimization                             ; Off                ; Off                ;
; Analysis & Synthesis Message Level                               ; Medium             ; Medium             ;
; Disable Register Merging Across Hierarchies                      ; Auto               ; Auto               ;
; Resource Aware Inference For Block RAM                           ; On                 ; On                 ;
+------------------------------------------------------------------+--------------------+--------------------+


+------------------------------------------+
; Parallel Compilation                     ;
+----------------------------+-------------+
; Processors                 ; Number      ;
+----------------------------+-------------+
; Number detected on machine ; 12          ;
; Maximum allowed            ; 12          ;
;                            ;             ;
; Average used               ; 1.00        ;
; Maximum used               ; 12          ;
;                            ;             ;
; Usage by Processor         ; % Time Used ;
;     Processor 1            ; 100.0%      ;
;     Processor 2            ;   0.0%      ;
;     Processor 3            ;   0.0%      ;
;     Processor 4            ;   0.0%      ;
;     Processor 5            ;   0.0%      ;
;     Processor 6            ;   0.0%      ;
;     Processor 7            ;   0.0%      ;
;     Processor 8            ;   0.0%      ;
;     Processors 9-12        ;   0.0%      ;
+----------------------------+-------------+


+-----------------------------------------------------------------------------------------------------------------------------------------------------------+
; Analysis & Synthesis Source Files Read                                                                                                                    ;
+----------------------------------+-----------------+------------------------------+-------------------------------------------------------------+---------+
; File Name with User-Entered Path ; Used in Netlist ; File Type                    ; File Name with Absolute Path                                ; Library ;
+----------------------------------+-----------------+------------------------------+-------------------------------------------------------------+---------+
; taximeter5.v                     ; yes             ; User Verilog HDL File        ; D:/sdsy/sd_kcsj/taximeter/taximeter5.v                      ;         ;
; taximeter4.v                     ; yes             ; User Verilog HDL File        ; D:/sdsy/sd_kcsj/taximeter/taximeter4.v                      ;         ;
; taximeter3.v                     ; yes             ; User Verilog HDL File        ; D:/sdsy/sd_kcsj/taximeter/taximeter3.v                      ;         ;
; taximeter2.v                     ; yes             ; User Verilog HDL File        ; D:/sdsy/sd_kcsj/taximeter/taximeter2.v                      ;         ;
; taximeter1.v                     ; yes             ; User Verilog HDL File        ; D:/sdsy/sd_kcsj/taximeter/taximeter1.v                      ;         ;
; taximeter.v                      ; yes             ; User Verilog HDL File        ; D:/sdsy/sd_kcsj/taximeter/taximeter.v                       ;         ;
; lpm_divide.tdf                   ; yes             ; Megafunction                 ; d:/sdsy/quartus/libraries/megafunctions/lpm_divide.tdf      ;         ;
; abs_divider.inc                  ; yes             ; Megafunction                 ; d:/sdsy/quartus/libraries/megafunctions/abs_divider.inc     ;         ;
; sign_div_unsign.inc              ; yes             ; Megafunction                 ; d:/sdsy/quartus/libraries/megafunctions/sign_div_unsign.inc ;         ;
; aglobal181.inc                   ; yes             ; Megafunction                 ; d:/sdsy/quartus/libraries/megafunctions/aglobal181.inc      ;         ;
; db/lpm_divide_hkm.tdf            ; yes             ; Auto-Generated Megafunction  ; D:/sdsy/sd_kcsj/taximeter/db/lpm_divide_hkm.tdf             ;         ;
; db/sign_div_unsign_9nh.tdf       ; yes             ; Auto-Generated Megafunction  ; D:/sdsy/sd_kcsj/taximeter/db/sign_div_unsign_9nh.tdf        ;         ;
; db/alt_u_div_6af.tdf             ; yes             ; Auto-Generated Megafunction  ; D:/sdsy/sd_kcsj/taximeter/db/alt_u_div_6af.tdf              ;         ;
; db/add_sub_7pc.tdf               ; yes             ; Auto-Generated Megafunction  ; D:/sdsy/sd_kcsj/taximeter/db/add_sub_7pc.tdf                ;         ;
; db/add_sub_8pc.tdf               ; yes             ; Auto-Generated Megafunction  ; D:/sdsy/sd_kcsj/taximeter/db/add_sub_8pc.tdf                ;         ;
; db/lpm_divide_m9m.tdf            ; yes             ; Auto-Generated Megafunction  ; D:/sdsy/sd_kcsj/taximeter/db/lpm_divide_m9m.tdf             ;         ;
; db/sign_div_unsign_bkh.tdf       ; yes             ; Auto-Generated Megafunction  ; D:/sdsy/sd_kcsj/taximeter/db/sign_div_unsign_bkh.tdf        ;         ;
; db/alt_u_div_a4f.tdf             ; yes             ; Auto-Generated Megafunction  ; D:/sdsy/sd_kcsj/taximeter/db/alt_u_div_a4f.tdf              ;         ;
; db/lpm_divide_jhm.tdf            ; yes             ; Auto-Generated Megafunction  ; D:/sdsy/sd_kcsj/taximeter/db/lpm_divide_jhm.tdf             ;         ;
; db/lpm_divide_l9m.tdf            ; yes             ; Auto-Generated Megafunction  ; D:/sdsy/sd_kcsj/taximeter/db/lpm_divide_l9m.tdf             ;         ;
; db/sign_div_unsign_akh.tdf       ; yes             ; Auto-Generated Megafunction  ; D:/sdsy/sd_kcsj/taximeter/db/sign_div_unsign_akh.tdf        ;         ;
; db/alt_u_div_84f.tdf             ; yes             ; Auto-Generated Megafunction  ; D:/sdsy/sd_kcsj/taximeter/db/alt_u_div_84f.tdf              ;         ;
; db/lpm_divide_ihm.tdf            ; yes             ; Auto-Generated Megafunction  ; D:/sdsy/sd_kcsj/taximeter/db/lpm_divide_ihm.tdf             ;         ;
; db/lpm_divide_0bm.tdf            ; yes             ; Auto-Generated Megafunction  ; D:/sdsy/sd_kcsj/taximeter/db/lpm_divide_0bm.tdf             ;         ;
; db/sign_div_unsign_llh.tdf       ; yes             ; Auto-Generated Megafunction  ; D:/sdsy/sd_kcsj/taximeter/db/sign_div_unsign_llh.tdf        ;         ;
; db/alt_u_div_u6f.tdf             ; yes             ; Auto-Generated Megafunction  ; D:/sdsy/sd_kcsj/taximeter/db/alt_u_div_u6f.tdf              ;         ;
; db/lpm_divide_3bm.tdf            ; yes             ; Auto-Generated Megafunction  ; D:/sdsy/sd_kcsj/taximeter/db/lpm_divide_3bm.tdf             ;         ;
; db/sign_div_unsign_olh.tdf       ; yes             ; Auto-Generated Megafunction  ; D:/sdsy/sd_kcsj/taximeter/db/sign_div_unsign_olh.tdf        ;         ;
; db/alt_u_div_47f.tdf             ; yes             ; Auto-Generated Megafunction  ; D:/sdsy/sd_kcsj/taximeter/db/alt_u_div_47f.tdf              ;         ;
; db/lpm_divide_0jm.tdf            ; yes             ; Auto-Generated Megafunction  ; D:/sdsy/sd_kcsj/taximeter/db/lpm_divide_0jm.tdf             ;         ;
+----------------------------------+-----------------+------------------------------+-------------------------------------------------------------+---------+


+---------------------------------------------------------+
; Analysis & Synthesis Resource Usage Summary             ;
+---------------------------------------------+-----------+
; Resource                                    ; Usage     ;
+---------------------------------------------+-----------+
; Estimated Total logic elements              ; 1,014     ;
;                                             ;           ;
; Total combinational functions               ; 1012      ;
; Logic element usage by number of LUT inputs ;           ;
;     -- 4 input functions                    ; 257       ;
;     -- 3 input functions                    ; 266       ;
;     -- <=2 input functions                  ; 489       ;
;                                             ;           ;
; Logic elements by mode                      ;           ;
;     -- normal mode                          ; 683       ;
;     -- arithmetic mode                      ; 329       ;
;                                             ;           ;
; Total registers                             ; 75        ;
;     -- Dedicated logic registers            ; 75        ;
;     -- I/O registers                        ; 0         ;
;                                             ;           ;
; I/O pins                                    ; 75        ;
;                                             ;           ;
; Embedded Multiplier 9-bit elements          ; 0         ;
;                                             ;           ;
; Maximum fan-out node                        ; clk~input ;
; Maximum fan-out                             ; 75        ;
; Total fan-out                               ; 3113      ;
; Average fan-out                             ; 2.52      ;
+---------------------------------------------+-----------+


+-----------------------------------------------------------------------------------------------------------------------------------------------------------------------------------------------------------------------------------------------------------------------------------------------------------------------------------------------------------+
; Analysis & Synthesis Resource Utilization by Entity                                                                                                                                                                                                                                                                                                       ;
+----------------------------------------------+---------------------+---------------------------+-------------+--------------+---------+-----------+------+--------------+--------------------------------------------------------------------------------------------------------------------------------------------+---------------------+--------------+
; Compilation Hierarchy Node                   ; Combinational ALUTs ; Dedicated Logic Registers ; Memory Bits ; DSP Elements ; DSP 9x9 ; DSP 18x18 ; Pins ; Virtual Pins ; Full Hierarchy Name                                                                                                                        ; Entity Name         ; Library Name ;
+----------------------------------------------+---------------------+---------------------------+-------------+--------------+---------+-----------+------+--------------+--------------------------------------------------------------------------------------------------------------------------------------------+---------------------+--------------+
; |taximeter                                   ; 1012 (0)            ; 75 (0)                    ; 0           ; 0            ; 0       ; 0         ; 75   ; 0            ; |taximeter                                                                                                                                 ; taximeter           ; work         ;
;    |taximeter1:i1|                           ; 249 (23)            ; 19 (19)                   ; 0           ; 0            ; 0       ; 0         ; 0    ; 0            ; |taximeter|taximeter1:i1                                                                                                                   ; taximeter1          ; work         ;
;       |lpm_divide:Div0|                      ; 226 (0)             ; 0 (0)                     ; 0           ; 0            ; 0       ; 0         ; 0    ; 0            ; |taximeter|taximeter1:i1|lpm_divide:Div0                                                                                                   ; lpm_divide          ; work         ;
;          |lpm_divide_hkm:auto_generated|     ; 226 (0)             ; 0 (0)                     ; 0           ; 0            ; 0       ; 0         ; 0    ; 0            ; |taximeter|taximeter1:i1|lpm_divide:Div0|lpm_divide_hkm:auto_generated                                                                     ; lpm_divide_hkm      ; work         ;
;             |sign_div_unsign_9nh:divider|    ; 226 (0)             ; 0 (0)                     ; 0           ; 0            ; 0       ; 0         ; 0    ; 0            ; |taximeter|taximeter1:i1|lpm_divide:Div0|lpm_divide_hkm:auto_generated|sign_div_unsign_9nh:divider                                         ; sign_div_unsign_9nh ; work         ;
;                |alt_u_div_6af:divider|       ; 226 (226)           ; 0 (0)                     ; 0           ; 0            ; 0       ; 0         ; 0    ; 0            ; |taximeter|taximeter1:i1|lpm_divide:Div0|lpm_divide_hkm:auto_generated|sign_div_unsign_9nh:divider|alt_u_div_6af:divider                   ; alt_u_div_6af       ; work         ;
;    |taximeter2:i2|                           ; 63 (63)             ; 42 (42)                   ; 0           ; 0            ; 0       ; 0         ; 0    ; 0            ; |taximeter|taximeter2:i2                                                                                                                   ; taximeter2          ; work         ;
;    |taximeter3:i3|                           ; 64 (64)             ; 0 (0)                     ; 0           ; 0            ; 0       ; 0         ; 0    ; 0            ; |taximeter|taximeter3:i3                                                                                                                   ; taximeter3          ; work         ;
;    |taximeter4:i4|                           ; 636 (70)            ; 14 (14)                   ; 0           ; 0            ; 0       ; 0         ; 0    ; 0            ; |taximeter|taximeter4:i4                                                                                                                   ; taximeter4          ; work         ;
;       |taximeter4_0:i4_0|                    ; 128 (3)             ; 0 (0)                     ; 0           ; 0            ; 0       ; 0         ; 0    ; 0            ; |taximeter|taximeter4:i4|taximeter4_0:i4_0                                                                                                 ; taximeter4_0        ; work         ;
;          |lpm_divide:Div0|                   ; 60 (0)              ; 0 (0)                     ; 0           ; 0            ; 0       ; 0         ; 0    ; 0            ; |taximeter|taximeter4:i4|taximeter4_0:i4_0|lpm_divide:Div0                                                                                 ; lpm_divide          ; work         ;
;             |lpm_divide_jhm:auto_generated|  ; 60 (0)              ; 0 (0)                     ; 0           ; 0            ; 0       ; 0         ; 0    ; 0            ; |taximeter|taximeter4:i4|taximeter4_0:i4_0|lpm_divide:Div0|lpm_divide_jhm:auto_generated                                                   ; lpm_divide_jhm      ; work         ;
;                |sign_div_unsign_bkh:divider| ; 60 (0)              ; 0 (0)                     ; 0           ; 0            ; 0       ; 0         ; 0    ; 0            ; |taximeter|taximeter4:i4|taximeter4_0:i4_0|lpm_divide:Div0|lpm_divide_jhm:auto_generated|sign_div_unsign_bkh:divider                       ; sign_div_unsign_bkh ; work         ;
;                   |alt_u_div_a4f:divider|    ; 60 (60)             ; 0 (0)                     ; 0           ; 0            ; 0       ; 0         ; 0    ; 0            ; |taximeter|taximeter4:i4|taximeter4_0:i4_0|lpm_divide:Div0|lpm_divide_jhm:auto_generated|sign_div_unsign_bkh:divider|alt_u_div_a4f:divider ; alt_u_div_a4f       ; work         ;
;          |lpm_divide:Mod0|                   ; 65 (0)              ; 0 (0)                     ; 0           ; 0            ; 0       ; 0         ; 0    ; 0            ; |taximeter|taximeter4:i4|taximeter4_0:i4_0|lpm_divide:Mod0                                                                                 ; lpm_divide          ; work         ;
;             |lpm_divide_m9m:auto_generated|  ; 65 (0)              ; 0 (0)                     ; 0           ; 0            ; 0       ; 0         ; 0    ; 0            ; |taximeter|taximeter4:i4|taximeter4_0:i4_0|lpm_divide:Mod0|lpm_divide_m9m:auto_generated                                                   ; lpm_divide_m9m      ; work         ;
;                |sign_div_unsign_bkh:divider| ; 65 (0)              ; 0 (0)                     ; 0           ; 0            ; 0       ; 0         ; 0    ; 0            ; |taximeter|taximeter4:i4|taximeter4_0:i4_0|lpm_divide:Mod0|lpm_divide_m9m:auto_generated|sign_div_unsign_bkh:divider                       ; sign_div_unsign_bkh ; work         ;
;                   |alt_u_div_a4f:divider|    ; 65 (65)             ; 0 (0)                     ; 0           ; 0            ; 0       ; 0         ; 0    ; 0            ; |taximeter|taximeter4:i4|taximeter4_0:i4_0|lpm_divide:Mod0|lpm_divide_m9m:auto_generated|sign_div_unsign_bkh:divider|alt_u_div_a4f:divider ; alt_u_div_a4f       ; work         ;
;       |taximeter4_1:i4_1|                    ; 104 (7)             ; 0 (0)                     ; 0           ; 0            ; 0       ; 0         ; 0    ; 0            ; |taximeter|taximeter4:i4|taximeter4_1:i4_1                                                                                                 ; taximeter4_1        ; work         ;
;          |lpm_divide:Div0|                   ; 43 (0)              ; 0 (0)                     ; 0           ; 0            ; 0       ; 0         ; 0    ; 0            ; |taximeter|taximeter4:i4|taximeter4_1:i4_1|lpm_divide:Div0                                                                                 ; lpm_divide          ; work         ;
;             |lpm_divide_ihm:auto_generated|  ; 43 (0)              ; 0 (0)                     ; 0           ; 0            ; 0       ; 0         ; 0    ; 0            ; |taximeter|taximeter4:i4|taximeter4_1:i4_1|lpm_divide:Div0|lpm_divide_ihm:auto_generated                                                   ; lpm_divide_ihm      ; work         ;
;                |sign_div_unsign_akh:divider| ; 43 (0)              ; 0 (0)                     ; 0           ; 0            ; 0       ; 0         ; 0    ; 0            ; |taximeter|taximeter4:i4|taximeter4_1:i4_1|lpm_divide:Div0|lpm_divide_ihm:auto_generated|sign_div_unsign_akh:divider                       ; sign_div_unsign_akh ; work         ;
;                   |alt_u_div_84f:divider|    ; 43 (43)             ; 0 (0)                     ; 0           ; 0            ; 0       ; 0         ; 0    ; 0            ; |taximeter|taximeter4:i4|taximeter4_1:i4_1|lpm_divide:Div0|lpm_divide_ihm:auto_generated|sign_div_unsign_akh:divider|alt_u_div_84f:divider ; alt_u_div_84f       ; work         ;
;          |lpm_divide:Mod0|                   ; 46 (0)              ; 0 (0)                     ; 0           ; 0            ; 0       ; 0         ; 0    ; 0            ; |taximeter|taximeter4:i4|taximeter4_1:i4_1|lpm_divide:Mod0                                                                                 ; lpm_divide          ; work         ;
;             |lpm_divide_l9m:auto_generated|  ; 46 (0)              ; 0 (0)                     ; 0           ; 0            ; 0       ; 0         ; 0    ; 0            ; |taximeter|taximeter4:i4|taximeter4_1:i4_1|lpm_divide:Mod0|lpm_divide_l9m:auto_generated                                                   ; lpm_divide_l9m      ; work         ;
;                |sign_div_unsign_akh:divider| ; 46 (0)              ; 0 (0)                     ; 0           ; 0            ; 0       ; 0         ; 0    ; 0            ; |taximeter|taximeter4:i4|taximeter4_1:i4_1|lpm_divide:Mod0|lpm_divide_l9m:auto_generated|sign_div_unsign_akh:divider                       ; sign_div_unsign_akh ; work         ;
;                   |alt_u_div_84f:divider|    ; 46 (46)             ; 0 (0)                     ; 0           ; 0            ; 0       ; 0         ; 0    ; 0            ; |taximeter|taximeter4:i4|taximeter4_1:i4_1|lpm_divide:Mod0|lpm_divide_l9m:auto_generated|sign_div_unsign_akh:divider|alt_u_div_84f:divider ; alt_u_div_84f       ; work         ;
;          |taximeter5:i4_1_1|                 ; 4 (4)               ; 0 (0)                     ; 0           ; 0            ; 0       ; 0         ; 0    ; 0            ; |taximeter|taximeter4:i4|taximeter4_1:i4_1|taximeter5:i4_1_1                                                                               ; taximeter5          ; work         ;
;          |taximeter5:i4_1_2|                 ; 4 (4)               ; 0 (0)                     ; 0           ; 0            ; 0       ; 0         ; 0    ; 0            ; |taximeter|taximeter4:i4|taximeter4_1:i4_1|taximeter5:i4_1_2                                                                               ; taximeter5          ; work         ;
;       |taximeter4_2:i4_2|                    ; 334 (9)             ; 0 (0)                     ; 0           ; 0            ; 0       ; 0         ; 0    ; 0            ; |taximeter|taximeter4:i4|taximeter4_2:i4_2                                                                                                 ; taximeter4_2        ; work         ;
;          |lpm_divide:Div0|                   ; 43 (0)              ; 0 (0)                     ; 0           ; 0            ; 0       ; 0         ; 0    ; 0            ; |taximeter|taximeter4:i4|taximeter4_2:i4_2|lpm_divide:Div0                                                                                 ; lpm_divide          ; work         ;
;             |lpm_divide_ihm:auto_generated|  ; 43 (0)              ; 0 (0)                     ; 0           ; 0            ; 0       ; 0         ; 0    ; 0            ; |taximeter|taximeter4:i4|taximeter4_2:i4_2|lpm_divide:Div0|lpm_divide_ihm:auto_generated                                                   ; lpm_divide_ihm      ; work         ;
;                |sign_div_unsign_akh:divider| ; 43 (0)              ; 0 (0)                     ; 0           ; 0            ; 0       ; 0         ; 0    ; 0            ; |taximeter|taximeter4:i4|taximeter4_2:i4_2|lpm_divide:Div0|lpm_divide_ihm:auto_generated|sign_div_unsign_akh:divider                       ; sign_div_unsign_akh ; work         ;
;                   |alt_u_div_84f:divider|    ; 43 (43)             ; 0 (0)                     ; 0           ; 0            ; 0       ; 0         ; 0    ; 0            ; |taximeter|taximeter4:i4|taximeter4_2:i4_2|lpm_divide:Div0|lpm_divide_ihm:auto_generated|sign_div_unsign_akh:divider|alt_u_div_84f:divider ; alt_u_div_84f       ; work         ;
;          |lpm_divide:Div1|                   ; 91 (0)              ; 0 (0)                     ; 0           ; 0            ; 0       ; 0         ; 0    ; 0            ; |taximeter|taximeter4:i4|taximeter4_2:i4_2|lpm_divide:Div1                                                                                 ; lpm_divide          ; work         ;
;             |lpm_divide_0jm:auto_generated|  ; 91 (0)              ; 0 (0)                     ; 0           ; 0            ; 0       ; 0         ; 0    ; 0            ; |taximeter|taximeter4:i4|taximeter4_2:i4_2|lpm_divide:Div1|lpm_divide_0jm:auto_generated                                                   ; lpm_divide_0jm      ; work         ;
;                |sign_div_unsign_olh:divider| ; 91 (0)              ; 0 (0)                     ; 0           ; 0            ; 0       ; 0         ; 0    ; 0            ; |taximeter|taximeter4:i4|taximeter4_2:i4_2|lpm_divide:Div1|lpm_divide_0jm:auto_generated|sign_div_unsign_olh:divider                       ; sign_div_unsign_olh ; work         ;
;                   |alt_u_div_47f:divider|    ; 91 (91)             ; 0 (0)                     ; 0           ; 0            ; 0       ; 0         ; 0    ; 0            ; |taximeter|taximeter4:i4|taximeter4_2:i4_2|lpm_divide:Div1|lpm_divide_0jm:auto_generated|sign_div_unsign_olh:divider|alt_u_div_47f:divider ; alt_u_div_47f       ; work         ;
;          |lpm_divide:Mod0|                   ; 98 (0)              ; 0 (0)                     ; 0           ; 0            ; 0       ; 0         ; 0    ; 0            ; |taximeter|taximeter4:i4|taximeter4_2:i4_2|lpm_divide:Mod0                                                                                 ; lpm_divide          ; work         ;
;             |lpm_divide_0bm:auto_generated|  ; 98 (0)              ; 0 (0)                     ; 0           ; 0            ; 0       ; 0         ; 0    ; 0            ; |taximeter|taximeter4:i4|taximeter4_2:i4_2|lpm_divide:Mod0|lpm_divide_0bm:auto_generated                                                   ; lpm_divide_0bm      ; work         ;
;                |sign_div_unsign_llh:divider| ; 98 (0)              ; 0 (0)                     ; 0           ; 0            ; 0       ; 0         ; 0    ; 0            ; |taximeter|taximeter4:i4|taximeter4_2:i4_2|lpm_divide:Mod0|lpm_divide_0bm:auto_generated|sign_div_unsign_llh:divider                       ; sign_div_unsign_llh ; work         ;
;                   |alt_u_div_u6f:divider|    ; 98 (98)             ; 0 (0)                     ; 0           ; 0            ; 0       ; 0         ; 0    ; 0            ; |taximeter|taximeter4:i4|taximeter4_2:i4_2|lpm_divide:Mod0|lpm_divide_0bm:auto_generated|sign_div_unsign_llh:divider|alt_u_div_u6f:divider ; alt_u_div_u6f       ; work         ;
;          |lpm_divide:Mod1|                   ; 93 (0)              ; 0 (0)                     ; 0           ; 0            ; 0       ; 0         ; 0    ; 0            ; |taximeter|taximeter4:i4|taximeter4_2:i4_2|lpm_divide:Mod1                                                                                 ; lpm_divide          ; work         ;
;             |lpm_divide_3bm:auto_generated|  ; 93 (0)              ; 0 (0)                     ; 0           ; 0            ; 0       ; 0         ; 0    ; 0            ; |taximeter|taximeter4:i4|taximeter4_2:i4_2|lpm_divide:Mod1|lpm_divide_3bm:auto_generated                                                   ; lpm_divide_3bm      ; work         ;
;                |sign_div_unsign_olh:divider| ; 93 (0)              ; 0 (0)                     ; 0           ; 0            ; 0       ; 0         ; 0    ; 0            ; |taximeter|taximeter4:i4|taximeter4_2:i4_2|lpm_divide:Mod1|lpm_divide_3bm:auto_generated|sign_div_unsign_olh:divider                       ; sign_div_unsign_olh ; work         ;
;                   |alt_u_div_47f:divider|    ; 93 (93)             ; 0 (0)                     ; 0           ; 0            ; 0       ; 0         ; 0    ; 0            ; |taximeter|taximeter4:i4|taximeter4_2:i4_2|lpm_divide:Mod1|lpm_divide_3bm:auto_generated|sign_div_unsign_olh:divider|alt_u_div_47f:divider ; alt_u_div_47f       ; work         ;
+----------------------------------------------+---------------------+---------------------------+-------------+--------------+---------+-----------+------+--------------+--------------------------------------------------------------------------------------------------------------------------------------------+---------------------+--------------+
Note: For table entries with two numbers listed, the numbers in parentheses indicate the number of resources of the given type used by the specific entity alone. The numbers listed outside of parentheses indicate the total resources of the given type used by the specific entity and all of its sub-entities in the hierarchy.


+--------------------------------------------------------------------------------+
; Registers Removed During Synthesis                                             ;
+---------------------------------------+----------------------------------------+
; Register name                         ; Reason for Removal                     ;
+---------------------------------------+----------------------------------------+
; taximeter4:i4|seg[5..7]               ; Merged with taximeter4:i4|seg[4]       ;
; taximeter2:i2|d[0]                    ; Merged with taximeter1:i1|d[0]         ;
; taximeter2:i2|d[1]                    ; Merged with taximeter1:i1|d[1]         ;
; taximeter4:i4|seg[4]                  ; Stuck at GND due to stuck port data_in ;
; taximeter4:i4|cnt[2]                  ; Stuck at GND due to stuck port data_in ;
; Total Number of Removed Registers = 7 ;                                        ;
+---------------------------------------+----------------------------------------+


+------------------------------------------------------+
; General Register Statistics                          ;
+----------------------------------------------+-------+
; Statistic                                    ; Value ;
+----------------------------------------------+-------+
; Total registers                              ; 75    ;
; Number of registers using Synchronous Clear  ; 45    ;
; Number of registers using Synchronous Load   ; 6     ;
; Number of registers using Asynchronous Clear ; 17    ;
; Number of registers using Asynchronous Load  ; 0     ;
; Number of registers using Clock Enable       ; 68    ;
; Number of registers using Preset             ; 0     ;
+----------------------------------------------+-------+


+---------------------------------------------------------------------------------------------------------------------------------------------------+
; Multiplexer Restructuring Statistics (Restructuring Performed)                                                                                    ;
+--------------------+-----------+---------------+----------------------+------------------------+------------+-------------------------------------+
; Multiplexer Inputs ; Bus Width ; Baseline Area ; Area if Restructured ; Saving if Restructured ; Registered ; Example Multiplexer Output          ;
+--------------------+-----------+---------------+----------------------+------------------------+------------+-------------------------------------+
; 3:1                ; 7 bits    ; 14 LEs        ; 7 LEs                ; 7 LEs                  ; Yes        ; |taximeter|taximeter2:i2|timee[0]   ;
; 4:1                ; 2 bits    ; 4 LEs         ; 2 LEs                ; 2 LEs                  ; Yes        ; |taximeter|taximeter4:i4|seg[3]     ;
; 4:1                ; 2 bits    ; 4 LEs         ; 2 LEs                ; 2 LEs                  ; Yes        ; |taximeter|taximeter4:i4|seg[0]     ;
; 3:1                ; 17 bits   ; 34 LEs        ; 17 LEs               ; 17 LEs                 ; Yes        ; |taximeter|taximeter2:i2|cnt[14]    ;
; 4:1                ; 11 bits   ; 22 LEs        ; 11 LEs               ; 11 LEs                 ; Yes        ; |taximeter|taximeter2:i2|cnt2[5]    ;
; 4:1                ; 7 bits    ; 14 LEs        ; 7 LEs                ; 7 LEs                  ; Yes        ; |taximeter|taximeter2:i2|sec[0]     ;
; 45:1               ; 2 bits    ; 60 LEs        ; 10 LEs               ; 50 LEs                 ; Yes        ; |taximeter|taximeter4:i4|codeout[6] ;
; 55:1               ; 4 bits    ; 144 LEs       ; 112 LEs              ; 32 LEs                 ; Yes        ; |taximeter|taximeter4:i4|codeout[7] ;
; 4:1                ; 2 bits    ; 4 LEs         ; 4 LEs                ; 0 LEs                  ; No         ; |taximeter|taximeter3:i3|cost[9]    ;
; 4:1                ; 7 bits    ; 14 LEs        ; 14 LEs               ; 0 LEs                  ; No         ; |taximeter|taximeter3:i3|cost[1]    ;
+--------------------+-----------+---------------+----------------------+------------------------+------------+-------------------------------------+


+------------------------------------------------------------+
; Parameter Settings for User Entity Instance: taximeter1:i1 ;
+----------------+-------+-----------------------------------+
; Parameter Name ; Value ; Type                              ;
+----------------+-------+-----------------------------------+
; per            ; 2     ; Signed Integer                    ;
+----------------+-------+-----------------------------------+
Note: In order to hide this table in the UI and the text report file, please set the "Show Parameter Settings in Synthesis Report" option in "Analysis and Synthesis Settings -> More Settings" to "Off".


+------------------------------------------------------------+
; Parameter Settings for User Entity Instance: taximeter2:i2 ;
+----------------+-------------------+-----------------------+
; Parameter Name ; Value             ; Type                  ;
+----------------+-------------------+-----------------------+
; max_time       ; 01110101001100000 ; Unsigned Binary       ;
+----------------+-------------------+-----------------------+
Note: In order to hide this table in the UI and the text report file, please set the "Show Parameter Settings in Synthesis Report" option in "Analysis and Synthesis Settings -> More Settings" to "Off".


+--------------------------------------------------------------------------------+
; Parameter Settings for Inferred Entity Instance: taximeter1:i1|lpm_divide:Div0 ;
+------------------------+----------------+--------------------------------------+
; Parameter Name         ; Value          ; Type                                 ;
+------------------------+----------------+--------------------------------------+
; LPM_WIDTHN             ; 18             ; Untyped                              ;
; LPM_WIDTHD             ; 10             ; Untyped                              ;
; LPM_NREPRESENTATION    ; UNSIGNED       ; Untyped                              ;
; LPM_DREPRESENTATION    ; UNSIGNED       ; Untyped                              ;
; LPM_PIPELINE           ; 0              ; Untyped                              ;
; LPM_REMAINDERPOSITIVE  ; TRUE           ; Untyped                              ;
; MAXIMIZE_SPEED         ; 5              ; Untyped                              ;
; CBXI_PARAMETER         ; lpm_divide_hkm ; Untyped                              ;
; CARRY_CHAIN            ; MANUAL         ; Untyped                              ;
; OPTIMIZE_FOR_SPEED     ; 5              ; Untyped                              ;
; AUTO_CARRY_CHAINS      ; ON             ; AUTO_CARRY                           ;
; IGNORE_CARRY_BUFFERS   ; OFF            ; IGNORE_CARRY                         ;
; AUTO_CASCADE_CHAINS    ; ON             ; AUTO_CASCADE                         ;
; IGNORE_CASCADE_BUFFERS ; OFF            ; IGNORE_CASCADE                       ;
+------------------------+----------------+--------------------------------------+
Note: In order to hide this table in the UI and the text report file, please set the "Show Parameter Settings in Synthesis Report" option in "Analysis and Synthesis Settings -> More Settings" to "Off".


+--------------------------------------------------------------------------------------------------+
; Parameter Settings for Inferred Entity Instance: taximeter4:i4|taximeter4_0:i4_0|lpm_divide:Mod0 ;
+------------------------+----------------+--------------------------------------------------------+
; Parameter Name         ; Value          ; Type                                                   ;
+------------------------+----------------+--------------------------------------------------------+
; LPM_WIDTHN             ; 8              ; Untyped                                                ;
; LPM_WIDTHD             ; 4              ; Untyped                                                ;
; LPM_NREPRESENTATION    ; UNSIGNED       ; Untyped                                                ;
; LPM_DREPRESENTATION    ; UNSIGNED       ; Untyped                                                ;
; LPM_PIPELINE           ; 0              ; Untyped                                                ;
; LPM_REMAINDERPOSITIVE  ; TRUE           ; Untyped                                                ;
; MAXIMIZE_SPEED         ; 5              ; Untyped                                                ;
; CBXI_PARAMETER         ; lpm_divide_m9m ; Untyped                                                ;
; CARRY_CHAIN            ; MANUAL         ; Untyped                                                ;
; OPTIMIZE_FOR_SPEED     ; 5              ; Untyped                                                ;
; AUTO_CARRY_CHAINS      ; ON             ; AUTO_CARRY                                             ;
; IGNORE_CARRY_BUFFERS   ; OFF            ; IGNORE_CARRY                                           ;
; AUTO_CASCADE_CHAINS    ; ON             ; AUTO_CASCADE                                           ;
; IGNORE_CASCADE_BUFFERS ; OFF            ; IGNORE_CASCADE                                         ;
+------------------------+----------------+--------------------------------------------------------+
Note: In order to hide this table in the UI and the text report file, please set the "Show Parameter Settings in Synthesis Report" option in "Analysis and Synthesis Settings -> More Settings" to "Off".


+--------------------------------------------------------------------------------------------------+
; Parameter Settings for Inferred Entity Instance: taximeter4:i4|taximeter4_0:i4_0|lpm_divide:Div0 ;
+------------------------+----------------+--------------------------------------------------------+
; Parameter Name         ; Value          ; Type                                                   ;
+------------------------+----------------+--------------------------------------------------------+
; LPM_WIDTHN             ; 8              ; Untyped                                                ;
; LPM_WIDTHD             ; 4              ; Untyped                                                ;
; LPM_NREPRESENTATION    ; UNSIGNED       ; Untyped                                                ;
; LPM_DREPRESENTATION    ; UNSIGNED       ; Untyped                                                ;
; LPM_PIPELINE           ; 0              ; Untyped                                                ;
; LPM_REMAINDERPOSITIVE  ; TRUE           ; Untyped                                                ;
; MAXIMIZE_SPEED         ; 5              ; Untyped                                                ;
; CBXI_PARAMETER         ; lpm_divide_jhm ; Untyped                                                ;
; CARRY_CHAIN            ; MANUAL         ; Untyped                                                ;
; OPTIMIZE_FOR_SPEED     ; 5              ; Untyped                                                ;
; AUTO_CARRY_CHAINS      ; ON             ; AUTO_CARRY                                             ;
; IGNORE_CARRY_BUFFERS   ; OFF            ; IGNORE_CARRY                                           ;
; AUTO_CASCADE_CHAINS    ; ON             ; AUTO_CASCADE                                           ;
; IGNORE_CASCADE_BUFFERS ; OFF            ; IGNORE_CASCADE                                         ;
+------------------------+----------------+--------------------------------------------------------+
Note: In order to hide this table in the UI and the text report file, please set the "Show Parameter Settings in Synthesis Report" option in "Analysis and Synthesis Settings -> More Settings" to "Off".


+--------------------------------------------------------------------------------------------------+
; Parameter Settings for Inferred Entity Instance: taximeter4:i4|taximeter4_1:i4_1|lpm_divide:Mod0 ;
+------------------------+----------------+--------------------------------------------------------+
; Parameter Name         ; Value          ; Type                                                   ;
+------------------------+----------------+--------------------------------------------------------+
; LPM_WIDTHN             ; 7              ; Untyped                                                ;
; LPM_WIDTHD             ; 4              ; Untyped                                                ;
; LPM_NREPRESENTATION    ; UNSIGNED       ; Untyped                                                ;
; LPM_DREPRESENTATION    ; UNSIGNED       ; Untyped                                                ;
; LPM_PIPELINE           ; 0              ; Untyped                                                ;
; LPM_REMAINDERPOSITIVE  ; TRUE           ; Untyped                                                ;
; MAXIMIZE_SPEED         ; 5              ; Untyped                                                ;
; CBXI_PARAMETER         ; lpm_divide_l9m ; Untyped                                                ;
; CARRY_CHAIN            ; MANUAL         ; Untyped                                                ;
; OPTIMIZE_FOR_SPEED     ; 5              ; Untyped                                                ;
; AUTO_CARRY_CHAINS      ; ON             ; AUTO_CARRY                                             ;
; IGNORE_CARRY_BUFFERS   ; OFF            ; IGNORE_CARRY                                           ;
; AUTO_CASCADE_CHAINS    ; ON             ; AUTO_CASCADE                                           ;
; IGNORE_CASCADE_BUFFERS ; OFF            ; IGNORE_CASCADE                                         ;
+------------------------+----------------+--------------------------------------------------------+
Note: In order to hide this table in the UI and the text report file, please set the "Show Parameter Settings in Synthesis Report" option in "Analysis and Synthesis Settings -> More Settings" to "Off".


+--------------------------------------------------------------------------------------------------+
; Parameter Settings for Inferred Entity Instance: taximeter4:i4|taximeter4_1:i4_1|lpm_divide:Div0 ;
+------------------------+----------------+--------------------------------------------------------+
; Parameter Name         ; Value          ; Type                                                   ;
+------------------------+----------------+--------------------------------------------------------+
; LPM_WIDTHN             ; 7              ; Untyped                                                ;
; LPM_WIDTHD             ; 4              ; Untyped                                                ;
; LPM_NREPRESENTATION    ; UNSIGNED       ; Untyped                                                ;
; LPM_DREPRESENTATION    ; UNSIGNED       ; Untyped                                                ;
; LPM_PIPELINE           ; 0              ; Untyped                                                ;
; LPM_REMAINDERPOSITIVE  ; TRUE           ; Untyped                                                ;
; MAXIMIZE_SPEED         ; 5              ; Untyped                                                ;
; CBXI_PARAMETER         ; lpm_divide_ihm ; Untyped                                                ;
; CARRY_CHAIN            ; MANUAL         ; Untyped                                                ;
; OPTIMIZE_FOR_SPEED     ; 5              ; Untyped                                                ;
; AUTO_CARRY_CHAINS      ; ON             ; AUTO_CARRY                                             ;
; IGNORE_CARRY_BUFFERS   ; OFF            ; IGNORE_CARRY                                           ;
; AUTO_CASCADE_CHAINS    ; ON             ; AUTO_CASCADE                                           ;
; IGNORE_CASCADE_BUFFERS ; OFF            ; IGNORE_CASCADE                                         ;
+------------------------+----------------+--------------------------------------------------------+
Note: In order to hide this table in the UI and the text report file, please set the "Show Parameter Settings in Synthesis Report" option in "Analysis and Synthesis Settings -> More Settings" to "Off".


+--------------------------------------------------------------------------------------------------+
; Parameter Settings for Inferred Entity Instance: taximeter4:i4|taximeter4_2:i4_2|lpm_divide:Mod0 ;
+------------------------+----------------+--------------------------------------------------------+
; Parameter Name         ; Value          ; Type                                                   ;
+------------------------+----------------+--------------------------------------------------------+
; LPM_WIDTHN             ; 11             ; Untyped                                                ;
; LPM_WIDTHD             ; 4              ; Untyped                                                ;
; LPM_NREPRESENTATION    ; UNSIGNED       ; Untyped                                                ;
; LPM_DREPRESENTATION    ; UNSIGNED       ; Untyped                                                ;
; LPM_PIPELINE           ; 0              ; Untyped                                                ;
; LPM_REMAINDERPOSITIVE  ; TRUE           ; Untyped                                                ;
; MAXIMIZE_SPEED         ; 5              ; Untyped                                                ;
; CBXI_PARAMETER         ; lpm_divide_0bm ; Untyped                                                ;
; CARRY_CHAIN            ; MANUAL         ; Untyped                                                ;
; OPTIMIZE_FOR_SPEED     ; 5              ; Untyped                                                ;
; AUTO_CARRY_CHAINS      ; ON             ; AUTO_CARRY                                             ;
; IGNORE_CARRY_BUFFERS   ; OFF            ; IGNORE_CARRY                                           ;
; AUTO_CASCADE_CHAINS    ; ON             ; AUTO_CASCADE                                           ;
; IGNORE_CASCADE_BUFFERS ; OFF            ; IGNORE_CASCADE                                         ;
+------------------------+----------------+--------------------------------------------------------+
Note: In order to hide this table in the UI and the text report file, please set the "Show Parameter Settings in Synthesis Report" option in "Analysis and Synthesis Settings -> More Settings" to "Off".


+--------------------------------------------------------------------------------------------------+
; Parameter Settings for Inferred Entity Instance: taximeter4:i4|taximeter4_2:i4_2|lpm_divide:Mod1 ;
+------------------------+----------------+--------------------------------------------------------+
; Parameter Name         ; Value          ; Type                                                   ;
+------------------------+----------------+--------------------------------------------------------+
; LPM_WIDTHN             ; 11             ; Untyped                                                ;
; LPM_WIDTHD             ; 7              ; Untyped                                                ;
; LPM_NREPRESENTATION    ; UNSIGNED       ; Untyped                                                ;
; LPM_DREPRESENTATION    ; UNSIGNED       ; Untyped                                                ;
; LPM_PIPELINE           ; 0              ; Untyped                                                ;
; LPM_REMAINDERPOSITIVE  ; TRUE           ; Untyped                                                ;
; MAXIMIZE_SPEED         ; 5              ; Untyped                                                ;
; CBXI_PARAMETER         ; lpm_divide_3bm ; Untyped                                                ;
; CARRY_CHAIN            ; MANUAL         ; Untyped                                                ;
; OPTIMIZE_FOR_SPEED     ; 5              ; Untyped                                                ;
; AUTO_CARRY_CHAINS      ; ON             ; AUTO_CARRY                                             ;
; IGNORE_CARRY_BUFFERS   ; OFF            ; IGNORE_CARRY                                           ;
; AUTO_CASCADE_CHAINS    ; ON             ; AUTO_CASCADE                                           ;
; IGNORE_CASCADE_BUFFERS ; OFF            ; IGNORE_CASCADE                                         ;
+------------------------+----------------+--------------------------------------------------------+
Note: In order to hide this table in the UI and the text report file, please set the "Show Parameter Settings in Synthesis Report" option in "Analysis and Synthesis Settings -> More Settings" to "Off".


+--------------------------------------------------------------------------------------------------+
; Parameter Settings for Inferred Entity Instance: taximeter4:i4|taximeter4_2:i4_2|lpm_divide:Div0 ;
+------------------------+----------------+--------------------------------------------------------+
; Parameter Name         ; Value          ; Type                                                   ;
+------------------------+----------------+--------------------------------------------------------+
; LPM_WIDTHN             ; 7              ; Untyped                                                ;
; LPM_WIDTHD             ; 4              ; Untyped                                                ;
; LPM_NREPRESENTATION    ; UNSIGNED       ; Untyped                                                ;
; LPM_DREPRESENTATION    ; UNSIGNED       ; Untyped                                                ;
; LPM_PIPELINE           ; 0              ; Untyped                                                ;
; LPM_REMAINDERPOSITIVE  ; TRUE           ; Untyped                                                ;
; MAXIMIZE_SPEED         ; 5              ; Untyped                                                ;
; CBXI_PARAMETER         ; lpm_divide_ihm ; Untyped                                                ;
; CARRY_CHAIN            ; MANUAL         ; Untyped                                                ;
; OPTIMIZE_FOR_SPEED     ; 5              ; Untyped                                                ;
; AUTO_CARRY_CHAINS      ; ON             ; AUTO_CARRY                                             ;
; IGNORE_CARRY_BUFFERS   ; OFF            ; IGNORE_CARRY                                           ;
; AUTO_CASCADE_CHAINS    ; ON             ; AUTO_CASCADE                                           ;
; IGNORE_CASCADE_BUFFERS ; OFF            ; IGNORE_CASCADE                                         ;
+------------------------+----------------+--------------------------------------------------------+
Note: In order to hide this table in the UI and the text report file, please set the "Show Parameter Settings in Synthesis Report" option in "Analysis and Synthesis Settings -> More Settings" to "Off".


+--------------------------------------------------------------------------------------------------+
; Parameter Settings for Inferred Entity Instance: taximeter4:i4|taximeter4_2:i4_2|lpm_divide:Div1 ;
+------------------------+----------------+--------------------------------------------------------+
; Parameter Name         ; Value          ; Type                                                   ;
+------------------------+----------------+--------------------------------------------------------+
; LPM_WIDTHN             ; 11             ; Untyped                                                ;
; LPM_WIDTHD             ; 7              ; Untyped                                                ;
; LPM_NREPRESENTATION    ; UNSIGNED       ; Untyped                                                ;
; LPM_DREPRESENTATION    ; UNSIGNED       ; Untyped                                                ;
; LPM_PIPELINE           ; 0              ; Untyped                                                ;
; LPM_REMAINDERPOSITIVE  ; TRUE           ; Untyped                                                ;
; MAXIMIZE_SPEED         ; 5              ; Untyped                                                ;
; CBXI_PARAMETER         ; lpm_divide_0jm ; Untyped                                                ;
; CARRY_CHAIN            ; MANUAL         ; Untyped                                                ;
; OPTIMIZE_FOR_SPEED     ; 5              ; Untyped                                                ;
; AUTO_CARRY_CHAINS      ; ON             ; AUTO_CARRY                                             ;
; IGNORE_CARRY_BUFFERS   ; OFF            ; IGNORE_CARRY                                           ;
; AUTO_CASCADE_CHAINS    ; ON             ; AUTO_CASCADE                                           ;
; IGNORE_CASCADE_BUFFERS ; OFF            ; IGNORE_CASCADE                                         ;
+------------------------+----------------+--------------------------------------------------------+
Note: In order to hide this table in the UI and the text report file, please set the "Show Parameter Settings in Synthesis Report" option in "Analysis and Synthesis Settings -> More Settings" to "Off".


+----------------------------------------------------------------------------------------------------------------------+
; Port Connectivity Checks: "taximeter4:i4|taximeter4_2:i4_2|taximeter5:i4_2_2"                                        ;
+------------+--------+----------+-------------------------------------------------------------------------------------+
; Port       ; Type   ; Severity ; Details                                                                             ;
+------------+--------+----------+-------------------------------------------------------------------------------------+
; codeout[0] ; Output ; Info     ; Connected to dangling logic. Logic that only feeds a dangling port will be removed. ;
+------------+--------+----------+-------------------------------------------------------------------------------------+


+-------------------------------------------------------------------------------+
; Port Connectivity Checks: "taximeter4:i4|taximeter4_2:i4_2|taximeter5:i4_2_1" ;
+-------+-------+----------+----------------------------------------------------+
; Port  ; Type  ; Severity ; Details                                            ;
+-------+-------+----------+----------------------------------------------------+
; indec ; Input ; Info     ; Stuck at GND                                       ;
+-------+-------+----------+----------------------------------------------------+


+-------------------------------------------------------------------------------+
; Port Connectivity Checks: "taximeter4:i4|taximeter4_0:i4_0|taximeter5:i4_0_4" ;
+-------+-------+----------+----------------------------------------------------+
; Port  ; Type  ; Severity ; Details                                            ;
+-------+-------+----------+----------------------------------------------------+
; indec ; Input ; Info     ; Stuck at GND                                       ;
+-------+-------+----------+----------------------------------------------------+


+-------------------------------------------------------------------------------+
; Port Connectivity Checks: "taximeter4:i4|taximeter4_0:i4_0|taximeter5:i4_0_3" ;
+-------+-------+----------+----------------------------------------------------+
; Port  ; Type  ; Severity ; Details                                            ;
+-------+-------+----------+----------------------------------------------------+
; indec ; Input ; Info     ; Stuck at GND                                       ;
+-------+-------+----------+----------------------------------------------------+


+-----------------------------------------------------+
; Post-Synthesis Netlist Statistics for Top Partition ;
+-----------------------+-----------------------------+
; Type                  ; Count                       ;
+-----------------------+-----------------------------+
; boundary_port         ; 75                          ;
; cycloneiii_ff         ; 75                          ;
;     CLR               ; 1                           ;
;     ENA               ; 2                           ;
;     ENA CLR           ; 16                          ;
;     ENA SCLR          ; 44                          ;
;     ENA SLD           ; 6                           ;
;     SCLR              ; 1                           ;
;     plain             ; 5                           ;
; cycloneiii_lcell_comb ; 1021                        ;
;     arith             ; 329                         ;
;         2 data inputs ; 105                         ;
;         3 data inputs ; 224                         ;
;     normal            ; 692                         ;
;         0 data inputs ; 54                          ;
;         1 data inputs ; 24                          ;
;         2 data inputs ; 315                         ;
;         3 data inputs ; 42                          ;
;         4 data inputs ; 257                         ;
;                       ;                             ;
; Max LUT depth         ; 52.00                       ;
; Average LUT depth     ; 35.80                       ;
+-----------------------+-----------------------------+


+-------------------------------+
; Elapsed Time Per Partition    ;
+----------------+--------------+
; Partition Name ; Elapsed Time ;
+----------------+--------------+
; Top            ; 00:00:02     ;
+----------------+--------------+


+-------------------------------+
; Analysis & Synthesis Messages ;
+-------------------------------+
Info: *******************************************************************
Info: Running Quartus Prime Analysis & Synthesis
    Info: Version 18.1.0 Build 625 09/12/2018 SJ Lite Edition
    Info: Processing started: Fri Dec 15 16:11:46 2023
Info: Command: quartus_map --read_settings_files=on --write_settings_files=off taximeter -c taximeter
Warning (18236): Number of processors has not been specified which may cause overloading on shared machines.  Set the global assignment NUM_PARALLEL_PROCESSORS in your QSF to an appropriate value for best performance.
Info (20030): Parallel compilation is enabled and will use 12 of the 12 processors detected
Info (12021): Found 1 design units, including 1 entities, in source file taximeter5.v
    Info (12023): Found entity 1: taximeter5 File: D:/sdsy/sd_kcsj/taximeter/taximeter5.v Line: 1
Info (12021): Found 4 design units, including 4 entities, in source file taximeter4.v
    Info (12023): Found entity 1: taximeter4 File: D:/sdsy/sd_kcsj/taximeter/taximeter4.v Line: 1
    Info (12023): Found entity 2: taximeter4_0 File: D:/sdsy/sd_kcsj/taximeter/taximeter4.v Line: 63
    Info (12023): Found entity 3: taximeter4_1 File: D:/sdsy/sd_kcsj/taximeter/taximeter4.v Line: 117
    Info (12023): Found entity 4: taximeter4_2 File: D:/sdsy/sd_kcsj/taximeter/taximeter4.v Line: 150
Info (12021): Found 1 design units, including 1 entities, in source file taximeter3.v
    Info (12023): Found entity 1: taximeter3 File: D:/sdsy/sd_kcsj/taximeter/taximeter3.v Line: 1
Info (12021): Found 1 design units, including 1 entities, in source file taximeter2.v
    Info (12023): Found entity 1: taximeter2 File: D:/sdsy/sd_kcsj/taximeter/taximeter2.v Line: 1
Info (12021): Found 1 design units, including 1 entities, in source file taximeter1.v
    Info (12023): Found entity 1: taximeter1 File: D:/sdsy/sd_kcsj/taximeter/taximeter1.v Line: 1
Info (12021): Found 1 design units, including 1 entities, in source file taximeter0.v
    Info (12023): Found entity 1: taximeter0 File: D:/sdsy/sd_kcsj/taximeter/taximeter0.v Line: 26
Info (12021): Found 1 design units, including 1 entities, in source file taximeter.v
    Info (12023): Found entity 1: taximeter File: D:/sdsy/sd_kcsj/taximeter/taximeter.v Line: 1
Info (12127): Elaborating entity "taximeter" for the top level hierarchy
Info (12128): Elaborating entity "taximeter1" for hierarchy "taximeter1:i1" File: D:/sdsy/sd_kcsj/taximeter/taximeter.v Line: 20
Warning (10230): Verilog HDL assignment warning at taximeter1.v(37): truncated value with size 32 to match size of target (18) File: D:/sdsy/sd_kcsj/taximeter/taximeter1.v Line: 37
Warning (10240): Verilog HDL Always Construct warning at taximeter1.v(30): inferring latch(es) for variable "dis", which holds its previous value in one or more paths through the always construct File: D:/sdsy/sd_kcsj/taximeter/taximeter1.v Line: 30
Warning (10230): Verilog HDL assignment warning at taximeter1.v(40): truncated value with size 32 to match size of target (8) File: D:/sdsy/sd_kcsj/taximeter/taximeter1.v Line: 40
Info (10041): Inferred latch for "dis[0]" at taximeter1.v(30) File: D:/sdsy/sd_kcsj/taximeter/taximeter1.v Line: 30
Info (12128): Elaborating entity "taximeter2" for hierarchy "taximeter2:i2" File: D:/sdsy/sd_kcsj/taximeter/taximeter.v Line: 21
Warning (10230): Verilog HDL assignment warning at taximeter2.v(40): truncated value with size 32 to match size of target (17) File: D:/sdsy/sd_kcsj/taximeter/taximeter2.v Line: 40
Warning (10230): Verilog HDL assignment warning at taximeter2.v(57): truncated value with size 32 to match size of target (11) File: D:/sdsy/sd_kcsj/taximeter/taximeter2.v Line: 57
Warning (10230): Verilog HDL assignment warning at taximeter2.v(62): truncated value with size 32 to match size of target (7) File: D:/sdsy/sd_kcsj/taximeter/taximeter2.v Line: 62
Warning (10230): Verilog HDL assignment warning at taximeter2.v(67): truncated value with size 32 to match size of target (7) File: D:/sdsy/sd_kcsj/taximeter/taximeter2.v Line: 67
Info (12128): Elaborating entity "taximeter3" for hierarchy "taximeter3:i3" File: D:/sdsy/sd_kcsj/taximeter/taximeter.v Line: 22
Warning (10230): Verilog HDL assignment warning at taximeter3.v(14): truncated value with size 32 to match size of target (11) File: D:/sdsy/sd_kcsj/taximeter/taximeter3.v Line: 14
Warning (10230): Verilog HDL assignment warning at taximeter3.v(16): truncated value with size 32 to match size of target (11) File: D:/sdsy/sd_kcsj/taximeter/taximeter3.v Line: 16
Warning (10230): Verilog HDL assignment warning at taximeter3.v(18): truncated value with size 32 to match size of target (11) File: D:/sdsy/sd_kcsj/taximeter/taximeter3.v Line: 18
Info (12128): Elaborating entity "taximeter4" for hierarchy "taximeter4:i4" File: D:/sdsy/sd_kcsj/taximeter/taximeter.v Line: 23
Warning (10230): Verilog HDL assignment warning at taximeter4.v(26): truncated value with size 32 to match size of target (3) File: D:/sdsy/sd_kcsj/taximeter/taximeter4.v Line: 26
Info (12128): Elaborating entity "taximeter4_0" for hierarchy "taximeter4:i4|taximeter4_0:i4_0" File: D:/sdsy/sd_kcsj/taximeter/taximeter4.v Line: 31
Warning (10230): Verilog HDL assignment warning at taximeter4.v(74): truncated value with size 32 to match size of target (4) File: D:/sdsy/sd_kcsj/taximeter/taximeter4.v Line: 74
Warning (10230): Verilog HDL assignment warning at taximeter4.v(75): truncated value with size 32 to match size of target (4) File: D:/sdsy/sd_kcsj/taximeter/taximeter4.v Line: 75
Warning (10235): Verilog HDL Always Construct warning at taximeter4.v(86): variable "cnt" is read inside the Always Construct but isn't in the Always Construct's Event Control File: D:/sdsy/sd_kcsj/taximeter/taximeter4.v Line: 86
Info (12128): Elaborating entity "taximeter5" for hierarchy "taximeter4:i4|taximeter4_0:i4_0|taximeter5:i4_0_1" File: D:/sdsy/sd_kcsj/taximeter/taximeter4.v Line: 79
Info (12128): Elaborating entity "taximeter4_1" for hierarchy "taximeter4:i4|taximeter4_1:i4_1" File: D:/sdsy/sd_kcsj/taximeter/taximeter4.v Line: 32
Warning (10230): Verilog HDL assignment warning at taximeter4.v(128): truncated value with size 32 to match size of target (4) File: D:/sdsy/sd_kcsj/taximeter/taximeter4.v Line: 128
Warning (10230): Verilog HDL assignment warning at taximeter4.v(129): truncated value with size 32 to match size of target (4) File: D:/sdsy/sd_kcsj/taximeter/taximeter4.v Line: 129
Warning (10235): Verilog HDL Always Construct warning at taximeter4.v(136): variable "cnt" is read inside the Always Construct but isn't in the Always Construct's Event Control File: D:/sdsy/sd_kcsj/taximeter/taximeter4.v Line: 136
Warning (10235): Verilog HDL Always Construct warning at taximeter4.v(141): variable "cnt" is read inside the Always Construct but isn't in the Always Construct's Event Control File: D:/sdsy/sd_kcsj/taximeter/taximeter4.v Line: 141
Warning (10240): Verilog HDL Always Construct warning at taximeter4.v(134): inferring latch(es) for variable "seg", which holds its previous value in one or more paths through the always construct File: D:/sdsy/sd_kcsj/taximeter/taximeter4.v Line: 134
Warning (10240): Verilog HDL Always Construct warning at taximeter4.v(134): inferring latch(es) for variable "codeout", which holds its previous value in one or more paths through the always construct File: D:/sdsy/sd_kcsj/taximeter/taximeter4.v Line: 134
Info (10041): Inferred latch for "codeout[0]" at taximeter4.v(134) File: D:/sdsy/sd_kcsj/taximeter/taximeter4.v Line: 134
Info (10041): Inferred latch for "codeout[1]" at taximeter4.v(134) File: D:/sdsy/sd_kcsj/taximeter/taximeter4.v Line: 134
Info (10041): Inferred latch for "codeout[2]" at taximeter4.v(134) File: D:/sdsy/sd_kcsj/taximeter/taximeter4.v Line: 134
Info (10041): Inferred latch for "codeout[3]" at taximeter4.v(134) File: D:/sdsy/sd_kcsj/taximeter/taximeter4.v Line: 134
Info (10041): Inferred latch for "codeout[4]" at taximeter4.v(134) File: D:/sdsy/sd_kcsj/taximeter/taximeter4.v Line: 134
Info (10041): Inferred latch for "codeout[5]" at taximeter4.v(134) File: D:/sdsy/sd_kcsj/taximeter/taximeter4.v Line: 134
Info (10041): Inferred latch for "codeout[6]" at taximeter4.v(134) File: D:/sdsy/sd_kcsj/taximeter/taximeter4.v Line: 134
Info (10041): Inferred latch for "codeout[7]" at taximeter4.v(134) File: D:/sdsy/sd_kcsj/taximeter/taximeter4.v Line: 134
Info (10041): Inferred latch for "seg[0]" at taximeter4.v(134) File: D:/sdsy/sd_kcsj/taximeter/taximeter4.v Line: 134
Info (10041): Inferred latch for "seg[1]" at taximeter4.v(134) File: D:/sdsy/sd_kcsj/taximeter/taximeter4.v Line: 134
Info (10041): Inferred latch for "seg[2]" at taximeter4.v(134) File: D:/sdsy/sd_kcsj/taximeter/taximeter4.v Line: 134
Info (10041): Inferred latch for "seg[3]" at taximeter4.v(134) File: D:/sdsy/sd_kcsj/taximeter/taximeter4.v Line: 134
Info (10041): Inferred latch for "seg[4]" at taximeter4.v(134) File: D:/sdsy/sd_kcsj/taximeter/taximeter4.v Line: 134
Info (10041): Inferred latch for "seg[5]" at taximeter4.v(134) File: D:/sdsy/sd_kcsj/taximeter/taximeter4.v Line: 134
Info (10041): Inferred latch for "seg[6]" at taximeter4.v(134) File: D:/sdsy/sd_kcsj/taximeter/taximeter4.v Line: 134
Info (10041): Inferred latch for "seg[7]" at taximeter4.v(134) File: D:/sdsy/sd_kcsj/taximeter/taximeter4.v Line: 134
Info (12128): Elaborating entity "taximeter4_2" for hierarchy "taximeter4:i4|taximeter4_2:i4_2" File: D:/sdsy/sd_kcsj/taximeter/taximeter4.v Line: 33
Warning (10230): Verilog HDL assignment warning at taximeter4.v(162): truncated value with size 32 to match size of target (4) File: D:/sdsy/sd_kcsj/taximeter/taximeter4.v Line: 162
Warning (10230): Verilog HDL assignment warning at taximeter4.v(163): truncated value with size 32 to match size of target (4) File: D:/sdsy/sd_kcsj/taximeter/taximeter4.v Line: 163
Warning (10230): Verilog HDL assignment warning at taximeter4.v(164): truncated value with size 32 to match size of target (4) File: D:/sdsy/sd_kcsj/taximeter/taximeter4.v Line: 164
Warning (10235): Verilog HDL Always Construct warning at taximeter4.v(173): variable "cnt" is read inside the Always Construct but isn't in the Always Construct's Event Control File: D:/sdsy/sd_kcsj/taximeter/taximeter4.v Line: 173
Warning (14026): LATCH primitive "taximeter4:i4|taximeter4_1:i4_1|codeout[1]" is permanently enabled File: D:/sdsy/sd_kcsj/taximeter/taximeter4.v Line: 134
Warning (14026): LATCH primitive "taximeter4:i4|taximeter4_1:i4_1|codeout[2]" is permanently enabled File: D:/sdsy/sd_kcsj/taximeter/taximeter4.v Line: 134
Warning (14026): LATCH primitive "taximeter4:i4|taximeter4_1:i4_1|codeout[3]" is permanently enabled File: D:/sdsy/sd_kcsj/taximeter/taximeter4.v Line: 134
Warning (14026): LATCH primitive "taximeter4:i4|taximeter4_1:i4_1|codeout[4]" is permanently enabled File: D:/sdsy/sd_kcsj/taximeter/taximeter4.v Line: 134
Warning (14026): LATCH primitive "taximeter4:i4|taximeter4_1:i4_1|codeout[5]" is permanently enabled File: D:/sdsy/sd_kcsj/taximeter/taximeter4.v Line: 134
Warning (14026): LATCH primitive "taximeter4:i4|taximeter4_1:i4_1|codeout[6]" is permanently enabled File: D:/sdsy/sd_kcsj/taximeter/taximeter4.v Line: 134
Warning (14026): LATCH primitive "taximeter4:i4|taximeter4_1:i4_1|codeout[7]" is permanently enabled File: D:/sdsy/sd_kcsj/taximeter/taximeter4.v Line: 134
Info (278001): Inferred 9 megafunctions from design logic
    Info (278004): Inferred divider/modulo megafunction ("lpm_divide") from the following logic: "taximeter1:i1|Div0" File: D:/sdsy/sd_kcsj/taximeter/taximeter1.v Line: 40
    Info (278004): Inferred divider/modulo megafunction ("lpm_divide") from the following logic: "taximeter4:i4|taximeter4_0:i4_0|Mod0" File: D:/sdsy/sd_kcsj/taximeter/taximeter4.v Line: 74
    Info (278004): Inferred divider/modulo megafunction ("lpm_divide") from the following logic: "taximeter4:i4|taximeter4_0:i4_0|Div0" File: D:/sdsy/sd_kcsj/taximeter/taximeter4.v Line: 75
    Info (278004): Inferred divider/modulo megafunction ("lpm_divide") from the following logic: "taximeter4:i4|taximeter4_1:i4_1|Mod0" File: D:/sdsy/sd_kcsj/taximeter/taximeter4.v Line: 128
    Info (278004): Inferred divider/modulo megafunction ("lpm_divide") from the following logic: "taximeter4:i4|taximeter4_1:i4_1|Div0" File: D:/sdsy/sd_kcsj/taximeter/taximeter4.v Line: 129
    Info (278004): Inferred divider/modulo megafunction ("lpm_divide") from the following logic: "taximeter4:i4|taximeter4_2:i4_2|Mod0" File: D:/sdsy/sd_kcsj/taximeter/taximeter4.v Line: 162
    Info (278004): Inferred divider/modulo megafunction ("lpm_divide") from the following logic: "taximeter4:i4|taximeter4_2:i4_2|Mod1" File: D:/sdsy/sd_kcsj/taximeter/taximeter4.v Line: 163
    Info (278004): Inferred divider/modulo megafunction ("lpm_divide") from the following logic: "taximeter4:i4|taximeter4_2:i4_2|Div0" File: D:/sdsy/sd_kcsj/taximeter/taximeter4.v Line: 163
    Info (278004): Inferred divider/modulo megafunction ("lpm_divide") from the following logic: "taximeter4:i4|taximeter4_2:i4_2|Div1" File: D:/sdsy/sd_kcsj/taximeter/taximeter4.v Line: 164
Info (12130): Elaborated megafunction instantiation "taximeter1:i1|lpm_divide:Div0" File: D:/sdsy/sd_kcsj/taximeter/taximeter1.v Line: 40
Info (12133): Instantiated megafunction "taximeter1:i1|lpm_divide:Div0" with the following parameter: File: D:/sdsy/sd_kcsj/taximeter/taximeter1.v Line: 40
    Info (12134): Parameter "LPM_WIDTHN" = "18"
    Info (12134): Parameter "LPM_WIDTHD" = "10"
    Info (12134): Parameter "LPM_NREPRESENTATION" = "UNSIGNED"
    Info (12134): Parameter "LPM_DREPRESENTATION" = "UNSIGNED"
Info (12021): Found 1 design units, including 1 entities, in source file db/lpm_divide_hkm.tdf
    Info (12023): Found entity 1: lpm_divide_hkm File: D:/sdsy/sd_kcsj/taximeter/db/lpm_divide_hkm.tdf Line: 24
Info (12021): Found 1 design units, including 1 entities, in source file db/sign_div_unsign_9nh.tdf
    Info (12023): Found entity 1: sign_div_unsign_9nh File: D:/sdsy/sd_kcsj/taximeter/db/sign_div_unsign_9nh.tdf Line: 24
Info (12021): Found 1 design units, including 1 entities, in source file db/alt_u_div_6af.tdf
    Info (12023): Found entity 1: alt_u_div_6af File: D:/sdsy/sd_kcsj/taximeter/db/alt_u_div_6af.tdf Line: 26
Info (12021): Found 1 design units, including 1 entities, in source file db/add_sub_7pc.tdf
    Info (12023): Found entity 1: add_sub_7pc File: D:/sdsy/sd_kcsj/taximeter/db/add_sub_7pc.tdf Line: 22
Info (12021): Found 1 design units, including 1 entities, in source file db/add_sub_8pc.tdf
    Info (12023): Found entity 1: add_sub_8pc File: D:/sdsy/sd_kcsj/taximeter/db/add_sub_8pc.tdf Line: 22
Info (12130): Elaborated megafunction instantiation "taximeter4:i4|taximeter4_0:i4_0|lpm_divide:Mod0" File: D:/sdsy/sd_kcsj/taximeter/taximeter4.v Line: 74
Info (12133): Instantiated megafunction "taximeter4:i4|taximeter4_0:i4_0|lpm_divide:Mod0" with the following parameter: File: D:/sdsy/sd_kcsj/taximeter/taximeter4.v Line: 74
    Info (12134): Parameter "LPM_WIDTHN" = "8"
    Info (12134): Parameter "LPM_WIDTHD" = "4"
    Info (12134): Parameter "LPM_NREPRESENTATION" = "UNSIGNED"
    Info (12134): Parameter "LPM_DREPRESENTATION" = "UNSIGNED"
Info (12021): Found 1 design units, including 1 entities, in source file db/lpm_divide_m9m.tdf
    Info (12023): Found entity 1: lpm_divide_m9m File: D:/sdsy/sd_kcsj/taximeter/db/lpm_divide_m9m.tdf Line: 24
Info (12021): Found 1 design units, including 1 entities, in source file db/sign_div_unsign_bkh.tdf
    Info (12023): Found entity 1: sign_div_unsign_bkh File: D:/sdsy/sd_kcsj/taximeter/db/sign_div_unsign_bkh.tdf Line: 24
Info (12021): Found 1 design units, including 1 entities, in source file db/alt_u_div_a4f.tdf
    Info (12023): Found entity 1: alt_u_div_a4f File: D:/sdsy/sd_kcsj/taximeter/db/alt_u_div_a4f.tdf Line: 26
Info (12130): Elaborated megafunction instantiation "taximeter4:i4|taximeter4_0:i4_0|lpm_divide:Div0" File: D:/sdsy/sd_kcsj/taximeter/taximeter4.v Line: 75
Info (12133): Instantiated megafunction "taximeter4:i4|taximeter4_0:i4_0|lpm_divide:Div0" with the following parameter: File: D:/sdsy/sd_kcsj/taximeter/taximeter4.v Line: 75
    Info (12134): Parameter "LPM_WIDTHN" = "8"
    Info (12134): Parameter "LPM_WIDTHD" = "4"
    Info (12134): Parameter "LPM_NREPRESENTATION" = "UNSIGNED"
    Info (12134): Parameter "LPM_DREPRESENTATION" = "UNSIGNED"
Info (12021): Found 1 design units, including 1 entities, in source file db/lpm_divide_jhm.tdf
    Info (12023): Found entity 1: lpm_divide_jhm File: D:/sdsy/sd_kcsj/taximeter/db/lpm_divide_jhm.tdf Line: 24
Info (12130): Elaborated megafunction instantiation "taximeter4:i4|taximeter4_1:i4_1|lpm_divide:Mod0" File: D:/sdsy/sd_kcsj/taximeter/taximeter4.v Line: 128
Info (12133): Instantiated megafunction "taximeter4:i4|taximeter4_1:i4_1|lpm_divide:Mod0" with the following parameter: File: D:/sdsy/sd_kcsj/taximeter/taximeter4.v Line: 128
    Info (12134): Parameter "LPM_WIDTHN" = "7"
    Info (12134): Parameter "LPM_WIDTHD" = "4"
    Info (12134): Parameter "LPM_NREPRESENTATION" = "UNSIGNED"
    Info (12134): Parameter "LPM_DREPRESENTATION" = "UNSIGNED"
Info (12021): Found 1 design units, including 1 entities, in source file db/lpm_divide_l9m.tdf
    Info (12023): Found entity 1: lpm_divide_l9m File: D:/sdsy/sd_kcsj/taximeter/db/lpm_divide_l9m.tdf Line: 24
Info (12021): Found 1 design units, including 1 entities, in source file db/sign_div_unsign_akh.tdf
    Info (12023): Found entity 1: sign_div_unsign_akh File: D:/sdsy/sd_kcsj/taximeter/db/sign_div_unsign_akh.tdf Line: 24
Info (12021): Found 1 design units, including 1 entities, in source file db/alt_u_div_84f.tdf
    Info (12023): Found entity 1: alt_u_div_84f File: D:/sdsy/sd_kcsj/taximeter/db/alt_u_div_84f.tdf Line: 26
Info (12130): Elaborated megafunction instantiation "taximeter4:i4|taximeter4_1:i4_1|lpm_divide:Div0" File: D:/sdsy/sd_kcsj/taximeter/taximeter4.v Line: 129
Info (12133): Instantiated megafunction "taximeter4:i4|taximeter4_1:i4_1|lpm_divide:Div0" with the following parameter: File: D:/sdsy/sd_kcsj/taximeter/taximeter4.v Line: 129
    Info (12134): Parameter "LPM_WIDTHN" = "7"
    Info (12134): Parameter "LPM_WIDTHD" = "4"
    Info (12134): Parameter "LPM_NREPRESENTATION" = "UNSIGNED"
    Info (12134): Parameter "LPM_DREPRESENTATION" = "UNSIGNED"
Info (12021): Found 1 design units, including 1 entities, in source file db/lpm_divide_ihm.tdf
    Info (12023): Found entity 1: lpm_divide_ihm File: D:/sdsy/sd_kcsj/taximeter/db/lpm_divide_ihm.tdf Line: 24
Info (12130): Elaborated megafunction instantiation "taximeter4:i4|taximeter4_2:i4_2|lpm_divide:Mod0" File: D:/sdsy/sd_kcsj/taximeter/taximeter4.v Line: 162
Info (12133): Instantiated megafunction "taximeter4:i4|taximeter4_2:i4_2|lpm_divide:Mod0" with the following parameter: File: D:/sdsy/sd_kcsj/taximeter/taximeter4.v Line: 162
    Info (12134): Parameter "LPM_WIDTHN" = "11"
    Info (12134): Parameter "LPM_WIDTHD" = "4"
    Info (12134): Parameter "LPM_NREPRESENTATION" = "UNSIGNED"
    Info (12134): Parameter "LPM_DREPRESENTATION" = "UNSIGNED"
Info (12021): Found 1 design units, including 1 entities, in source file db/lpm_divide_0bm.tdf
    Info (12023): Found entity 1: lpm_divide_0bm File: D:/sdsy/sd_kcsj/taximeter/db/lpm_divide_0bm.tdf Line: 24
Info (12021): Found 1 design units, including 1 entities, in source file db/sign_div_unsign_llh.tdf
    Info (12023): Found entity 1: sign_div_unsign_llh File: D:/sdsy/sd_kcsj/taximeter/db/sign_div_unsign_llh.tdf Line: 24
Info (12021): Found 1 design units, including 1 entities, in source file db/alt_u_div_u6f.tdf
    Info (12023): Found entity 1: alt_u_div_u6f File: D:/sdsy/sd_kcsj/taximeter/db/alt_u_div_u6f.tdf Line: 26
Info (12130): Elaborated megafunction instantiation "taximeter4:i4|taximeter4_2:i4_2|lpm_divide:Mod1" File: D:/sdsy/sd_kcsj/taximeter/taximeter4.v Line: 163
Info (12133): Instantiated megafunction "taximeter4:i4|taximeter4_2:i4_2|lpm_divide:Mod1" with the following parameter: File: D:/sdsy/sd_kcsj/taximeter/taximeter4.v Line: 163
    Info (12134): Parameter "LPM_WIDTHN" = "11"
    Info (12134): Parameter "LPM_WIDTHD" = "7"
    Info (12134): Parameter "LPM_NREPRESENTATION" = "UNSIGNED"
    Info (12134): Parameter "LPM_DREPRESENTATION" = "UNSIGNED"
Info (12021): Found 1 design units, including 1 entities, in source file db/lpm_divide_3bm.tdf
    Info (12023): Found entity 1: lpm_divide_3bm File: D:/sdsy/sd_kcsj/taximeter/db/lpm_divide_3bm.tdf Line: 24
Info (12021): Found 1 design units, including 1 entities, in source file db/sign_div_unsign_olh.tdf
    Info (12023): Found entity 1: sign_div_unsign_olh File: D:/sdsy/sd_kcsj/taximeter/db/sign_div_unsign_olh.tdf Line: 24
Info (12021): Found 1 design units, including 1 entities, in source file db/alt_u_div_47f.tdf
    Info (12023): Found entity 1: alt_u_div_47f File: D:/sdsy/sd_kcsj/taximeter/db/alt_u_div_47f.tdf Line: 26
Info (12130): Elaborated megafunction instantiation "taximeter4:i4|taximeter4_2:i4_2|lpm_divide:Div1" File: D:/sdsy/sd_kcsj/taximeter/taximeter4.v Line: 164
Info (12133): Instantiated megafunction "taximeter4:i4|taximeter4_2:i4_2|lpm_divide:Div1" with the following parameter: File: D:/sdsy/sd_kcsj/taximeter/taximeter4.v Line: 164
    Info (12134): Parameter "LPM_WIDTHN" = "11"
    Info (12134): Parameter "LPM_WIDTHD" = "7"
    Info (12134): Parameter "LPM_NREPRESENTATION" = "UNSIGNED"
    Info (12134): Parameter "LPM_DREPRESENTATION" = "UNSIGNED"
Info (12021): Found 1 design units, including 1 entities, in source file db/lpm_divide_0jm.tdf
    Info (12023): Found entity 1: lpm_divide_0jm File: D:/sdsy/sd_kcsj/taximeter/db/lpm_divide_0jm.tdf Line: 24
Warning (13024): Output pins are stuck at VCC or GND
    Warning (13410): Pin "dis[0]" is stuck at GND File: D:/sdsy/sd_kcsj/taximeter/taximeter.v Line: 9
    Warning (13410): Pin "seg[4]" is stuck at GND File: D:/sdsy/sd_kcsj/taximeter/taximeter.v Line: 13
    Warning (13410): Pin "seg[5]" is stuck at GND File: D:/sdsy/sd_kcsj/taximeter/taximeter.v Line: 13
    Warning (13410): Pin "seg[6]" is stuck at GND File: D:/sdsy/sd_kcsj/taximeter/taximeter.v Line: 13
    Warning (13410): Pin "seg[7]" is stuck at GND File: D:/sdsy/sd_kcsj/taximeter/taximeter.v Line: 13
    Warning (13410): Pin "cnt[2]" is stuck at GND File: D:/sdsy/sd_kcsj/taximeter/taximeter.v Line: 15
Info (286030): Timing-Driven Synthesis is running
Info (17016): Found the following redundant logic cells in design
    Info (17048): Logic cell "taximeter4:i4|taximeter4_0:i4_0|lpm_divide:Div0|lpm_divide_jhm:auto_generated|sign_div_unsign_bkh:divider|alt_u_div_a4f:divider|add_sub_3_result_int[0]~8" File: D:/sdsy/sd_kcsj/taximeter/db/alt_u_div_a4f.tdf Line: 41
    Info (17048): Logic cell "taximeter4:i4|taximeter4_0:i4_0|lpm_divide:Div0|lpm_divide_jhm:auto_generated|sign_div_unsign_bkh:divider|alt_u_div_a4f:divider|add_sub_4_result_int[0]~10" File: D:/sdsy/sd_kcsj/taximeter/db/alt_u_div_a4f.tdf Line: 46
    Info (17048): Logic cell "taximeter4:i4|taximeter4_0:i4_0|lpm_divide:Div0|lpm_divide_jhm:auto_generated|sign_div_unsign_bkh:divider|alt_u_div_a4f:divider|add_sub_5_result_int[0]~10" File: D:/sdsy/sd_kcsj/taximeter/db/alt_u_div_a4f.tdf Line: 51
    Info (17048): Logic cell "taximeter4:i4|taximeter4_0:i4_0|lpm_divide:Div0|lpm_divide_jhm:auto_generated|sign_div_unsign_bkh:divider|alt_u_div_a4f:divider|add_sub_6_result_int[0]~10" File: D:/sdsy/sd_kcsj/taximeter/db/alt_u_div_a4f.tdf Line: 56
    Info (17048): Logic cell "taximeter4:i4|taximeter4_0:i4_0|lpm_divide:Mod0|lpm_divide_m9m:auto_generated|sign_div_unsign_bkh:divider|alt_u_div_a4f:divider|add_sub_3_result_int[0]~8" File: D:/sdsy/sd_kcsj/taximeter/db/alt_u_div_a4f.tdf Line: 41
    Info (17048): Logic cell "taximeter4:i4|taximeter4_0:i4_0|lpm_divide:Mod0|lpm_divide_m9m:auto_generated|sign_div_unsign_bkh:divider|alt_u_div_a4f:divider|add_sub_4_result_int[0]~10" File: D:/sdsy/sd_kcsj/taximeter/db/alt_u_div_a4f.tdf Line: 46
    Info (17048): Logic cell "taximeter4:i4|taximeter4_0:i4_0|lpm_divide:Mod0|lpm_divide_m9m:auto_generated|sign_div_unsign_bkh:divider|alt_u_div_a4f:divider|add_sub_5_result_int[0]~10" File: D:/sdsy/sd_kcsj/taximeter/db/alt_u_div_a4f.tdf Line: 51
    Info (17048): Logic cell "taximeter4:i4|taximeter4_0:i4_0|lpm_divide:Mod0|lpm_divide_m9m:auto_generated|sign_div_unsign_bkh:divider|alt_u_div_a4f:divider|add_sub_6_result_int[0]~10" File: D:/sdsy/sd_kcsj/taximeter/db/alt_u_div_a4f.tdf Line: 56
    Info (17048): Logic cell "taximeter4:i4|taximeter4_0:i4_0|lpm_divide:Mod0|lpm_divide_m9m:auto_generated|sign_div_unsign_bkh:divider|alt_u_div_a4f:divider|add_sub_7_result_int[0]~10" File: D:/sdsy/sd_kcsj/taximeter/db/alt_u_div_a4f.tdf Line: 61
Info (144001): Generated suppressed messages file D:/sdsy/sd_kcsj/taximeter/output_files/taximeter.map.smsg
Info (16010): Generating hard_block partition "hard_block:auto_generated_inst"
    Info (16011): Adding 0 node(s), including 0 DDIO, 0 PLL, 0 transceiver and 0 LCELL
Info (21057): Implemented 1091 device resources after synthesis - the final resource count might be different
    Info (21058): Implemented 5 input pins
    Info (21059): Implemented 70 output pins
    Info (21061): Implemented 1016 logic cells
Info: Quartus Prime Analysis & Synthesis was successful. 0 errors, 39 warnings
    Info: Peak virtual memory: 4843 megabytes
    Info: Processing ended: Fri Dec 15 16:11:58 2023
    Info: Elapsed time: 00:00:12
    Info: Total CPU time (on all processors): 00:00:18


+------------------------------------------+
; Analysis & Synthesis Suppressed Messages ;
+------------------------------------------+
The suppressed messages can be found in D:/sdsy/sd_kcsj/taximeter/output_files/taximeter.map.smsg.


